// 重构日志: f44436b4
// 重构日志: 9307e77b
// 同步 ID: 68b16923 @ Sun Jul 12 14:54:05 UTC 2026
// 重构日志: 179e840a
// 同步 ID: b1cc144e @ Mon Jul 13 17:30:51 UTC 2026
// 重构日志: d6c17be6
// 重构日志: 13a3e401
// 同步 ID: fcf7fcb9 @ Wed Jul 15 04:36:34 UTC 2026
// 同步 ID: c667a80a @ Wed Jul 15 09:51:02 UTC 2026
// 同步 ID: fc29911d @ Wed Jul 15 17:57:37 UTC 2026
// 重构日志: 4421fb41
// 重构日志: b25723f1
// 重构日志: 8b46fc43
// 同步 ID: 968c2767 @ Fri Jul 17 12:59:31 UTC 2026
// 重构日志: 15347165
// 同步 ID: e9f0f6c4 @ Sat Jul 18 16:43:05 UTC 2026
// 同步 ID: 87591310 @ Sat Jul 18 18:26:59 UTC 2026
// 重构日志: 4537630d
// 重构日志: ad274e51
// 重构日志: 0bd1f06c
// 同步 ID: e7879d21 @ Mon Jul 20 13:32:25 UTC 2026
// 重构日志: 121eb2cb
// 重构日志: 0709473e
// 重构日志: a19fa3d1
// 重构日志: 74f7308a
// 重构日志: 8102630f
// 重构日志: a7cdb204
// 重构日志: 327336cf
// 重构日志: 5d51a59d
// 同步 ID: ac2156c4 @ Thu Jul 23 01:59:32 UTC 2026
